[INFO] Simulating 2q76 with H chain D and L chain C, saving to /data/localhost/not-backed-up/spoendli/2q76_DC
[INFO] Copying imgt numbered pdb
[INFO] File copied from primary source.
[INFO] Renumbering and relaxing pdb
Script output: Relaxation completed successfully

Done, file are stored in  /data/localhost/not-backed-up/spoendli/2q76_DC
[INFO] Creating dssp file
[INFO] Creating folded constraints
[INFO] Updating folded constraints for CDR1
[INFO] Creating CDR constraints
[INFO] Preparing simulation
pdb_folder: /data/localhost/not-backed-up/spoendli/2q76_DC pdb_name: 2q76_Fv_DC pdb_fullname: 2q76_Fv_DC.pdb
[INFO] Running simulation
/vols/opig/users/spoendli/CDRsimulations/CALVADOS/residues_C3.csv
Adding charges for both termini of 2q76_Fv_DC.
/homes/spoendli/miniconda3/envs/calvados3/lib/python3.10/site-packages/calvados/build.py:230: RuntimeWarning: divide by zero encountered in divide
  ndeviation = n / nxyz
Using domains [[[1, 25], [26, 26], [27, 27], [32, 32], [34, 50], [51, 51], [52, 52], [57, 57], [58, 58], [59, 96], [97, 97], [98, 98], [100, 100], [101, 101], [102, 102], [105, 105], [106, 118], [119, 144], [145, 145], [151, 167], [171, 206], [207, 207], [208, 208], [210, 210], [211, 211], [212, 212], [213, 213], [215, 215], [216, 228], [29, 29], [147, 147]]]
Setting custom restraints for 2q76_Fv_DC
Custom restraints: [(27, 1, 27, 1), (26, 2, 26, 1), (26, 24, 26, 1), (26, 26, 28, 1), (27, 27, 29, 0), (28, 28, 29, 1), (28, 28, 31, 0), (28, 28, 32, 1), (29, 29, 30, 1), (29, 29, 32, 0), (30, 30, 31, 1), (31, 31, 33, 1), (33, 33, 35, 0), (33, 33, 99, 0), (51, 34, 51, 0), (97, 35, 97, 0), (52, 50, 52, 1), (51, 51, 58, 1), (52, 52, 55, 0), (52, 52, 56, 0), (52, 52, 57, 0), (53, 53, 55, 1), (54, 54, 55, 1), (56, 56, 58, 1), (57, 57, 59, 1), (58, 58, 60, 1), (97, 95, 97, 1), (98, 96, 98, 1), (97, 97, 99, 1), (98, 98, 100, 0), (98, 98, 104, 1), (98, 98, 105, 0), (99, 99, 103, 1), (100, 100, 102, 0), (101, 101, 103, 1), (102, 102, 104, 0), (103, 103, 164, 1), (104, 104, 106, 0), (105, 105, 107, 1), (214, 119, 214, 1), (213, 120, 213, 1), (146, 144, 146, 1), (146, 146, 149, 1), (146, 146, 187, 1), (147, 147, 148, 0), (147, 147, 150, 0), (147, 147, 186, 1), (148, 148, 149, 1), (148, 148, 186, 1), (148, 148, 210, 1), (149, 149, 151, 0), (150, 150, 209, 0), (150, 150, 210, 0), (169, 151, 169, 0), (208, 151, 208, 1), (207, 152, 207, 0), (170, 167, 170, 1), (168, 168, 169, 1), (168, 168, 170, 0), (168, 168, 171, 1), (170, 170, 172, 0), (170, 170, 182, 1), (207, 205, 207, 1), (208, 206, 208, 1), (207, 207, 209, 1), (208, 208, 215, 0), (210, 210, 212, 1), (212, 212, 214, 1), (213, 213, 215, 1), (214, 214, 216, 1), (215, 215, 217, 1)]
Total number of components in the system: 1
Total number of molecules in the system: 1
Ashbaugh-Hatch potential between particles with lambda=1 and sigma=0.68 at 2.0 nm: -0.0051627815139227455 kJ/mol
Debye-Hückel potential between unit charges at 4.0 nm: 0.0026929581620513438 kJ/mol
Component 0, Molecule 0: 2q76_Fv_DC
Number of restraints for comp 2q76_Fv_DC: 1257
228 particles in the system
---------- FORCES ----------
ah: 228 particles, 1483 exclusions
yu: 228 particles, 1483 exclusions
0.01 /ps 293.0 K
Running on CPU
Starting from new system configuration
Writing trajectory to new file ./2q76_Fv_DC.dcd
Minimizing energy.
STARTING SIMULATION
  0%|          | 0/10 [00:00<?, ?it/s] 10%|█         | 1/10 [47:08<7:04:15, 2828.36s/it] 20%|██        | 2/10 [1:34:17<6:17:11, 2829.00s/it] 30%|███       | 3/10 [2:22:01<5:31:54, 2844.97s/it] 40%|████      | 4/10 [3:09:13<4:43:59, 2839.90s/it] 50%|█████     | 5/10 [3:56:20<3:56:15, 2835.09s/it] 60%|██████    | 6/10 [4:44:14<3:09:53, 2848.31s/it]